0 info it worked if it ends with ok
1 verbose cli [ '/usr/local/Cellar/node/6.3.0/bin/node',
1 verbose cli   '/usr/local/bin/npm',
1 verbose cli   'install',
1 verbose cli   'zlib',
1 verbose cli   '--save' ]
2 info using npm@3.10.3
3 info using node@v6.3.0
4 silly loadCurrentTree Starting
5 silly install loadCurrentTree
6 silly install readLocalPackageData
7 silly fetchPackageMetaData zlib
8 silly fetchNamedPackageData zlib
9 silly mapToRegistry name zlib
10 silly mapToRegistry using default registry
11 silly mapToRegistry registry https://registry.npmjs.org/
12 silly mapToRegistry data Result {
12 silly mapToRegistry   raw: 'zlib',
12 silly mapToRegistry   scope: null,
12 silly mapToRegistry   escapedName: 'zlib',
12 silly mapToRegistry   name: 'zlib',
12 silly mapToRegistry   rawSpec: '',
12 silly mapToRegistry   spec: 'latest',
12 silly mapToRegistry   type: 'tag' }
13 silly mapToRegistry uri https://registry.npmjs.org/zlib
14 verbose request uri https://registry.npmjs.org/zlib
15 verbose request no auth needed
16 info attempt registry request try #1 at 8:53:02 AM
17 verbose request using bearer token for auth
18 verbose request id 60c64df9ba471411
19 verbose etag "5ZD8OZO6M8FVHQHJHDOOR2QN9"
20 http request GET https://registry.npmjs.org/zlib
21 http 200 https://registry.npmjs.org/zlib
22 verbose headers { server: 'nginx/1.10.1',
22 verbose headers   'content-type': 'application/json',
22 verbose headers   'last-modified': 'Mon, 08 Aug 2011 18:15:58 GMT',
22 verbose headers   etag: 'W/"4e4027de-17d3"',
22 verbose headers   'content-encoding': 'gzip',
22 verbose headers   'cache-control': 'max-age=300',
22 verbose headers   'transfer-encoding': 'chunked',
22 verbose headers   'accept-ranges': 'bytes',
22 verbose headers   date: 'Sun, 20 Nov 2016 13:53:02 GMT',
22 verbose headers   via: '1.1 varnish',
22 verbose headers   connection: 'keep-alive',
22 verbose headers   'x-served-by': 'cache-iad2630-IAD',
22 verbose headers   'x-cache': 'MISS',
22 verbose headers   'x-cache-hits': '0',
22 verbose headers   'x-timer': 'S1479649982.777237,VS0,VE1',
22 verbose headers   vary: 'Accept-Encoding' }
23 silly get cb [ 200,
23 silly get   { server: 'nginx/1.10.1',
23 silly get     'content-type': 'application/json',
23 silly get     'last-modified': 'Mon, 08 Aug 2011 18:15:58 GMT',
23 silly get     etag: 'W/"4e4027de-17d3"',
23 silly get     'content-encoding': 'gzip',
23 silly get     'cache-control': 'max-age=300',
23 silly get     'transfer-encoding': 'chunked',
23 silly get     'accept-ranges': 'bytes',
23 silly get     date: 'Sun, 20 Nov 2016 13:53:02 GMT',
23 silly get     via: '1.1 varnish',
23 silly get     connection: 'keep-alive',
23 silly get     'x-served-by': 'cache-iad2630-IAD',
23 silly get     'x-cache': 'MISS',
23 silly get     'x-cache-hits': '0',
23 silly get     'x-timer': 'S1479649982.777237,VS0,VE1',
23 silly get     vary: 'Accept-Encoding' } ]
24 verbose get saving zlib to /Users/chris/.npm/registry.npmjs.org/zlib/.cache.json
25 verbose correctMkdir /Users/chris/.npm correctMkdir not in flight; initializing
26 silly install normalizeTree
27 silly loadCurrentTree Finishing
28 silly loadIdealTree Starting
29 silly install loadIdealTree
30 silly cloneCurrentTree Starting
31 silly install cloneCurrentTreeToIdealTree
32 silly cloneCurrentTree Finishing
33 silly loadShrinkwrap Starting
34 silly install loadShrinkwrap
35 silly loadShrinkwrap Finishing
36 silly loadAllDepsIntoIdealTree Starting
37 silly install loadAllDepsIntoIdealTree
38 silly resolveWithNewModule zlib@1.0.5 checking installable status
39 silly cache add args [ 'zlib', null ]
40 verbose cache add spec zlib
41 silly cache add parsed spec Result {
41 silly cache add   raw: 'zlib',
41 silly cache add   scope: null,
41 silly cache add   escapedName: 'zlib',
41 silly cache add   name: 'zlib',
41 silly cache add   rawSpec: '',
41 silly cache add   spec: 'latest',
41 silly cache add   type: 'tag' }
42 silly addNamed zlib@latest
43 verbose addNamed "latest" is being treated as a dist-tag for zlib
44 info addNameTag [ 'zlib', 'latest' ]
45 silly mapToRegistry name zlib
46 silly mapToRegistry using default registry
47 silly mapToRegistry registry https://registry.npmjs.org/
48 silly mapToRegistry data Result {
48 silly mapToRegistry   raw: 'zlib',
48 silly mapToRegistry   scope: null,
48 silly mapToRegistry   escapedName: 'zlib',
48 silly mapToRegistry   name: 'zlib',
48 silly mapToRegistry   rawSpec: '',
48 silly mapToRegistry   spec: 'latest',
48 silly mapToRegistry   type: 'tag' }
49 silly mapToRegistry uri https://registry.npmjs.org/zlib
50 verbose addNameTag registry:https://registry.npmjs.org/zlib not in flight; fetching
51 verbose get https://registry.npmjs.org/zlib not expired, no request
52 silly addNameTag next cb for zlib with tag latest
53 silly addNamed zlib@1.0.5
54 verbose addNamed "1.0.5" is a plain semver version for zlib
55 silly cache afterAdd zlib@1.0.5
56 verbose afterAdd /Users/chris/.npm/zlib/1.0.5/package/package.json not in flight; writing
57 verbose correctMkdir /Users/chris/.npm correctMkdir not in flight; initializing
58 verbose afterAdd /Users/chris/.npm/zlib/1.0.5/package/package.json written
59 silly loadAllDepsIntoIdealTree Finishing
60 silly loadIdealTree Finishing
61 silly currentTree node-design-patterns@0.0.1
61 silly currentTree ├── abbrev@1.0.9
61 silly currentTree ├── abstract-leveldown@2.4.1
61 silly currentTree ├── after@0.8.2
61 silly currentTree ├── ansi-regex@2.0.0
61 silly currentTree ├── ansi-styles@2.2.1
61 silly currentTree ├── ansi@0.3.1
61 silly currentTree ├── are-we-there-yet@1.1.2
61 silly currentTree ├── array-index@1.0.0
61 silly currentTree ├── asn1@0.2.3
61 silly currentTree ├── assert-plus@0.2.0
61 silly currentTree ├── assertion-error@1.0.2
61 silly currentTree ├── async@2.0.1
61 silly currentTree ├── aws-sign2@0.6.0
61 silly currentTree ├── aws4@1.4.1
61 silly currentTree ├── balanced-match@0.4.2
61 silly currentTree ├── bindings@1.2.1
61 silly currentTree ├── bl@1.1.2
61 silly currentTree ├── block-stream@0.0.9
61 silly currentTree ├── bluebird@3.4.1
61 silly currentTree ├── boom@2.10.1
61 silly currentTree ├── brace-expansion@1.1.6
61 silly currentTree ├── browser-stdout@1.3.0
61 silly currentTree ├── caseless@0.11.0
61 silly currentTree ├── chai@3.5.0
61 silly currentTree ├── chalk@1.1.3
61 silly currentTree ├── chance@1.0.4
61 silly currentTree ├── co@3.1.0
61 silly currentTree ├── combined-stream@1.0.5
61 silly currentTree ├── commander@2.9.0
61 silly currentTree ├── concat-map@0.0.1
61 silly currentTree ├── core-util-is@1.0.2
61 silly currentTree ├── cryptiles@2.0.5
61 silly currentTree ├── d@0.1.1
61 silly currentTree ├─┬ dashdash@1.14.0
61 silly currentTree │ └── assert-plus@1.0.0
61 silly currentTree ├── debug@2.2.0
61 silly currentTree ├─┬ deep-eql@0.1.3
61 silly currentTree │ └── type-detect@0.1.1
61 silly currentTree ├── deep-extend@0.4.1
61 silly currentTree ├── deferred-leveldown@1.2.1
61 silly currentTree ├── delayed-stream@1.0.0
61 silly currentTree ├── delegates@1.0.0
61 silly currentTree ├── diff@1.4.0
61 silly currentTree ├── duplexer2@0.1.4
61 silly currentTree ├── ecc-jsbn@0.1.1
61 silly currentTree ├─┬ end-of-stream@1.1.0
61 silly currentTree │ └── once@1.3.3
61 silly currentTree ├─┬ errno@0.1.4
61 silly currentTree │ └── prr@0.0.0
61 silly currentTree ├── es5-ext@0.10.12
61 silly currentTree ├── es6-iterator@2.0.0
61 silly currentTree ├── es6-symbol@3.1.0
61 silly currentTree ├── escape-string-regexp@1.0.5
61 silly currentTree ├── expand-template@1.0.3
61 silly currentTree ├── extend@3.0.0
61 silly currentTree ├── extsprintf@1.0.2
61 silly currentTree ├── fast-future@1.0.1
61 silly currentTree ├── forever-agent@0.6.1
61 silly currentTree ├─┬ form-data@1.0.0-rc4
61 silly currentTree │ └── async@1.5.2
61 silly currentTree ├── from2-array@0.0.4
61 silly currentTree ├── from2@2.3.0
61 silly currentTree ├── fs.realpath@1.0.0
61 silly currentTree ├── fstream@1.0.10
61 silly currentTree ├── gauge@1.2.7
61 silly currentTree ├── generate-function@2.0.0
61 silly currentTree ├── generate-object-property@1.2.0
61 silly currentTree ├─┬ getpass@0.1.6
61 silly currentTree │ └── assert-plus@1.0.0
61 silly currentTree ├── ghreleases@1.0.5
61 silly currentTree ├── ghrepos@2.0.0
61 silly currentTree ├── ghutils@3.2.0
61 silly currentTree ├── github-from-package@0.0.0
61 silly currentTree ├── glob@7.0.6
61 silly currentTree ├── graceful-fs@4.1.6
61 silly currentTree ├── graceful-readlink@1.0.1
61 silly currentTree ├── growl@1.9.2
61 silly currentTree ├── har-validator@2.0.6
61 silly currentTree ├── has-ansi@2.0.0
61 silly currentTree ├── has-flag@1.0.0
61 silly currentTree ├── has-unicode@2.0.1
61 silly currentTree ├── hawk@3.1.3
61 silly currentTree ├── hoek@2.16.3
61 silly currentTree ├── http-signature@1.1.1
61 silly currentTree ├─┬ hyperquest@1.2.0
61 silly currentTree │ ├── duplexer2@0.0.2
61 silly currentTree │ ├── isarray@0.0.1
61 silly currentTree │ ├── readable-stream@1.1.14
61 silly currentTree │ └─┬ through2@0.6.5
61 silly currentTree │   └── readable-stream@1.0.34
61 silly currentTree ├── inflight@1.0.5
61 silly currentTree ├── inherits@2.0.1
61 silly currentTree ├── ini@1.3.4
61 silly currentTree ├── is-my-json-valid@2.13.1
61 silly currentTree ├── is-property@1.0.2
61 silly currentTree ├── is-typedarray@1.0.0
61 silly currentTree ├── isarray@1.0.0
61 silly currentTree ├── isexe@1.1.2
61 silly currentTree ├── isstream@0.1.2
61 silly currentTree ├── its@1.0.2
61 silly currentTree ├── jodid25519@1.0.2
61 silly currentTree ├── jsbn@0.1.0
61 silly currentTree ├── json-over-tcp@0.3.2
61 silly currentTree ├── json-schema@0.2.2
61 silly currentTree ├── json-stringify-safe@5.0.1
61 silly currentTree ├── json3@3.3.2
61 silly currentTree ├─┬ jsonist@1.2.0
61 silly currentTree │ └── bl@1.0.3
61 silly currentTree ├── jsonpointer@2.0.0
61 silly currentTree ├── jsprim@1.3.0
61 silly currentTree ├── level-codec@6.1.0
61 silly currentTree ├── level-errors@1.0.4
61 silly currentTree ├─┬ level-iterator-stream@1.3.1
61 silly currentTree │ ├── isarray@0.0.1
61 silly currentTree │ └── readable-stream@1.1.14
61 silly currentTree ├── level-packager@1.2.0
61 silly currentTree ├── level@1.4.0
61 silly currentTree ├── leveldown@1.4.6
61 silly currentTree ├── levelup@1.3.2
61 silly currentTree ├── lodash._baseassign@3.2.0
61 silly currentTree ├── lodash._basecopy@3.0.1
61 silly currentTree ├── lodash._basecreate@3.0.3
61 silly currentTree ├── lodash._getnative@3.9.1
61 silly currentTree ├── lodash._isiterateecall@3.0.9
61 silly currentTree ├── lodash.create@3.1.1
61 silly currentTree ├── lodash.isarguments@3.1.0
61 silly currentTree ├── lodash.isarray@3.0.4
61 silly currentTree ├── lodash.keys@3.1.2
61 silly currentTree ├── lodash.pad@4.5.1
61 silly currentTree ├── lodash.padend@4.6.1
61 silly currentTree ├── lodash.padstart@4.6.1
61 silly currentTree ├── lodash@4.14.2
61 silly currentTree ├── mime-db@1.23.0
61 silly currentTree ├── mime-types@2.1.11
61 silly currentTree ├── minimatch@3.0.3
61 silly currentTree ├── minimist@0.0.8
61 silly currentTree ├── mkdirp@0.5.1
61 silly currentTree ├─┬ mocha@3.0.2
61 silly currentTree │ ├── glob@7.0.5
61 silly currentTree │ └── supports-color@3.1.2
61 silly currentTree ├── ms@0.7.1
61 silly currentTree ├── multipipe@0.3.1
61 silly currentTree ├── nan@2.3.5
61 silly currentTree ├── node-gyp@3.4.0
61 silly currentTree ├── node-ninja@1.0.2
61 silly currentTree ├── node-uuid@1.4.7
61 silly currentTree ├── noop-logger@0.1.1
61 silly currentTree ├── nopt@3.0.6
61 silly currentTree ├── npmlog@2.0.4
61 silly currentTree ├── oauth-sign@0.8.2
61 silly currentTree ├── object-path@0.11.2
61 silly currentTree ├── once@1.4.0
61 silly currentTree ├── os-homedir@1.0.1
61 silly currentTree ├── os-tmpdir@1.0.1
61 silly currentTree ├── osenv@0.1.3
61 silly currentTree ├── path-array@1.0.1
61 silly currentTree ├── path-is-absolute@1.0.0
61 silly currentTree ├── pinkie-promise@2.0.1
61 silly currentTree ├── pinkie@2.0.4
61 silly currentTree ├─┬ prebuild@4.2.2
61 silly currentTree │ ├── async@1.5.2
61 silly currentTree │ └── minimist@1.2.0
61 silly currentTree ├── process-nextick-args@1.0.7
61 silly currentTree ├── prr@1.0.1
61 silly currentTree ├── pump@1.0.1
61 silly currentTree ├── qs@6.2.1
61 silly currentTree ├─┬ rc@1.1.6
61 silly currentTree │ └── minimist@1.2.0
61 silly currentTree ├── readable-stream@2.0.6
61 silly currentTree ├── request@2.74.0
61 silly currentTree ├── rimraf@2.5.4
61 silly currentTree ├── semver@5.1.1
61 silly currentTree ├── simple-get@1.4.3
61 silly currentTree ├── simple-mime@0.1.0
61 silly currentTree ├── sntp@1.0.9
61 silly currentTree ├─┬ sshpk@1.9.2
61 silly currentTree │ └── assert-plus@1.0.0
61 silly currentTree ├── string_decoder@0.10.31
61 silly currentTree ├── stringstream@0.0.5
61 silly currentTree ├── strip-ansi@3.0.1
61 silly currentTree ├── strip-json-comments@1.0.4
61 silly currentTree ├── supports-color@2.0.0
61 silly currentTree ├── tar-fs@1.13.2
61 silly currentTree ├── tar-stream@1.5.2
61 silly currentTree ├── tar@2.2.1
61 silly currentTree ├── through2@2.0.1
61 silly currentTree ├── thunkify@2.1.2
61 silly currentTree ├── tough-cookie@2.3.1
61 silly currentTree ├── tunnel-agent@0.4.3
61 silly currentTree ├── tweetnacl@0.13.3
61 silly currentTree ├── type-detect@1.0.0
61 silly currentTree ├── unzip-response@1.0.1
61 silly currentTree ├── url-template@2.0.8
61 silly currentTree ├── util-deprecate@1.0.2
61 silly currentTree ├── verror@1.3.6
61 silly currentTree ├── which@1.2.11
61 silly currentTree ├── wrappy@1.0.2
61 silly currentTree ├── xtend@4.0.1
61 silly currentTree └── zmq@2.15.3
62 silly idealTree node-design-patterns@0.0.1
62 silly idealTree ├── abbrev@1.0.9
62 silly idealTree ├── abstract-leveldown@2.4.1
62 silly idealTree ├── after@0.8.2
62 silly idealTree ├── ansi-regex@2.0.0
62 silly idealTree ├── ansi-styles@2.2.1
62 silly idealTree ├── ansi@0.3.1
62 silly idealTree ├── are-we-there-yet@1.1.2
62 silly idealTree ├── array-index@1.0.0
62 silly idealTree ├── asn1@0.2.3
62 silly idealTree ├── assert-plus@0.2.0
62 silly idealTree ├── assertion-error@1.0.2
62 silly idealTree ├── async@2.0.1
62 silly idealTree ├── aws-sign2@0.6.0
62 silly idealTree ├── aws4@1.4.1
62 silly idealTree ├── balanced-match@0.4.2
62 silly idealTree ├── bindings@1.2.1
62 silly idealTree ├── bl@1.1.2
62 silly idealTree ├── block-stream@0.0.9
62 silly idealTree ├── bluebird@3.4.1
62 silly idealTree ├── boom@2.10.1
62 silly idealTree ├── brace-expansion@1.1.6
62 silly idealTree ├── browser-stdout@1.3.0
62 silly idealTree ├── caseless@0.11.0
62 silly idealTree ├── chai@3.5.0
62 silly idealTree ├── chalk@1.1.3
62 silly idealTree ├── chance@1.0.4
62 silly idealTree ├── co@3.1.0
62 silly idealTree ├── combined-stream@1.0.5
62 silly idealTree ├── commander@2.9.0
62 silly idealTree ├── concat-map@0.0.1
62 silly idealTree ├── core-util-is@1.0.2
62 silly idealTree ├── cryptiles@2.0.5
62 silly idealTree ├── d@0.1.1
62 silly idealTree ├─┬ dashdash@1.14.0
62 silly idealTree │ └── assert-plus@1.0.0
62 silly idealTree ├── debug@2.2.0
62 silly idealTree ├─┬ deep-eql@0.1.3
62 silly idealTree │ └── type-detect@0.1.1
62 silly idealTree ├── deep-extend@0.4.1
62 silly idealTree ├── deferred-leveldown@1.2.1
62 silly idealTree ├── delayed-stream@1.0.0
62 silly idealTree ├── delegates@1.0.0
62 silly idealTree ├── diff@1.4.0
62 silly idealTree ├── duplexer2@0.1.4
62 silly idealTree ├── ecc-jsbn@0.1.1
62 silly idealTree ├─┬ end-of-stream@1.1.0
62 silly idealTree │ └── once@1.3.3
62 silly idealTree ├─┬ errno@0.1.4
62 silly idealTree │ └── prr@0.0.0
62 silly idealTree ├── es5-ext@0.10.12
62 silly idealTree ├── es6-iterator@2.0.0
62 silly idealTree ├── es6-symbol@3.1.0
62 silly idealTree ├── escape-string-regexp@1.0.5
62 silly idealTree ├── expand-template@1.0.3
62 silly idealTree ├── extend@3.0.0
62 silly idealTree ├── extsprintf@1.0.2
62 silly idealTree ├── fast-future@1.0.1
62 silly idealTree ├── forever-agent@0.6.1
62 silly idealTree ├─┬ form-data@1.0.0-rc4
62 silly idealTree │ └── async@1.5.2
62 silly idealTree ├── from2-array@0.0.4
62 silly idealTree ├── from2@2.3.0
62 silly idealTree ├── fs.realpath@1.0.0
62 silly idealTree ├── fstream@1.0.10
62 silly idealTree ├── gauge@1.2.7
62 silly idealTree ├── generate-function@2.0.0
62 silly idealTree ├── generate-object-property@1.2.0
62 silly idealTree ├─┬ getpass@0.1.6
62 silly idealTree │ └── assert-plus@1.0.0
62 silly idealTree ├── ghreleases@1.0.5
62 silly idealTree ├── ghrepos@2.0.0
62 silly idealTree ├── ghutils@3.2.0
62 silly idealTree ├── github-from-package@0.0.0
62 silly idealTree ├── glob@7.0.6
62 silly idealTree ├── graceful-fs@4.1.6
62 silly idealTree ├── graceful-readlink@1.0.1
62 silly idealTree ├── growl@1.9.2
62 silly idealTree ├── har-validator@2.0.6
62 silly idealTree ├── has-ansi@2.0.0
62 silly idealTree ├── has-flag@1.0.0
62 silly idealTree ├── has-unicode@2.0.1
62 silly idealTree ├── hawk@3.1.3
62 silly idealTree ├── hoek@2.16.3
62 silly idealTree ├── http-signature@1.1.1
62 silly idealTree ├─┬ hyperquest@1.2.0
62 silly idealTree │ ├── duplexer2@0.0.2
62 silly idealTree │ ├── isarray@0.0.1
62 silly idealTree │ ├── readable-stream@1.1.14
62 silly idealTree │ └─┬ through2@0.6.5
62 silly idealTree │   └── readable-stream@1.0.34
62 silly idealTree ├── inflight@1.0.5
62 silly idealTree ├── inherits@2.0.1
62 silly idealTree ├── ini@1.3.4
62 silly idealTree ├── is-my-json-valid@2.13.1
62 silly idealTree ├── is-property@1.0.2
62 silly idealTree ├── is-typedarray@1.0.0
62 silly idealTree ├── isarray@1.0.0
62 silly idealTree ├── isexe@1.1.2
62 silly idealTree ├── isstream@0.1.2
62 silly idealTree ├── its@1.0.2
62 silly idealTree ├── jodid25519@1.0.2
62 silly idealTree ├── jsbn@0.1.0
62 silly idealTree ├── json-over-tcp@0.3.2
62 silly idealTree ├── json-schema@0.2.2
62 silly idealTree ├── json-stringify-safe@5.0.1
62 silly idealTree ├── json3@3.3.2
62 silly idealTree ├─┬ jsonist@1.2.0
62 silly idealTree │ └── bl@1.0.3
62 silly idealTree ├── jsonpointer@2.0.0
62 silly idealTree ├── jsprim@1.3.0
62 silly idealTree ├── level-codec@6.1.0
62 silly idealTree ├── level-errors@1.0.4
62 silly idealTree ├─┬ level-iterator-stream@1.3.1
62 silly idealTree │ ├── isarray@0.0.1
62 silly idealTree │ └── readable-stream@1.1.14
62 silly idealTree ├── level-packager@1.2.0
62 silly idealTree ├── level@1.4.0
62 silly idealTree ├── leveldown@1.4.6
62 silly idealTree ├── levelup@1.3.2
62 silly idealTree ├── lodash._baseassign@3.2.0
62 silly idealTree ├── lodash._basecopy@3.0.1
62 silly idealTree ├── lodash._basecreate@3.0.3
62 silly idealTree ├── lodash._getnative@3.9.1
62 silly idealTree ├── lodash._isiterateecall@3.0.9
62 silly idealTree ├── lodash.create@3.1.1
62 silly idealTree ├── lodash.isarguments@3.1.0
62 silly idealTree ├── lodash.isarray@3.0.4
62 silly idealTree ├── lodash.keys@3.1.2
62 silly idealTree ├── lodash.pad@4.5.1
62 silly idealTree ├── lodash.padend@4.6.1
62 silly idealTree ├── lodash.padstart@4.6.1
62 silly idealTree ├── lodash@4.14.2
62 silly idealTree ├── mime-db@1.23.0
62 silly idealTree ├── mime-types@2.1.11
62 silly idealTree ├── minimatch@3.0.3
62 silly idealTree ├── minimist@0.0.8
62 silly idealTree ├── mkdirp@0.5.1
62 silly idealTree ├─┬ mocha@3.0.2
62 silly idealTree │ ├── glob@7.0.5
62 silly idealTree │ └── supports-color@3.1.2
62 silly idealTree ├── ms@0.7.1
62 silly idealTree ├── multipipe@0.3.1
62 silly idealTree ├── nan@2.3.5
62 silly idealTree ├── node-gyp@3.4.0
62 silly idealTree ├── node-ninja@1.0.2
62 silly idealTree ├── node-uuid@1.4.7
62 silly idealTree ├── noop-logger@0.1.1
62 silly idealTree ├── nopt@3.0.6
62 silly idealTree ├── npmlog@2.0.4
62 silly idealTree ├── oauth-sign@0.8.2
62 silly idealTree ├── object-path@0.11.2
62 silly idealTree ├── once@1.4.0
62 silly idealTree ├── os-homedir@1.0.1
62 silly idealTree ├── os-tmpdir@1.0.1
62 silly idealTree ├── osenv@0.1.3
62 silly idealTree ├── path-array@1.0.1
62 silly idealTree ├── path-is-absolute@1.0.0
62 silly idealTree ├── pinkie-promise@2.0.1
62 silly idealTree ├── pinkie@2.0.4
62 silly idealTree ├─┬ prebuild@4.2.2
62 silly idealTree │ ├── async@1.5.2
62 silly idealTree │ └── minimist@1.2.0
62 silly idealTree ├── process-nextick-args@1.0.7
62 silly idealTree ├── prr@1.0.1
62 silly idealTree ├── pump@1.0.1
62 silly idealTree ├── qs@6.2.1
62 silly idealTree ├─┬ rc@1.1.6
62 silly idealTree │ └── minimist@1.2.0
62 silly idealTree ├── readable-stream@2.0.6
62 silly idealTree ├── request@2.74.0
62 silly idealTree ├── rimraf@2.5.4
62 silly idealTree ├── semver@5.1.1
62 silly idealTree ├── simple-get@1.4.3
62 silly idealTree ├── simple-mime@0.1.0
62 silly idealTree ├── sntp@1.0.9
62 silly idealTree ├─┬ sshpk@1.9.2
62 silly idealTree │ └── assert-plus@1.0.0
62 silly idealTree ├── string_decoder@0.10.31
62 silly idealTree ├── stringstream@0.0.5
62 silly idealTree ├── strip-ansi@3.0.1
62 silly idealTree ├── strip-json-comments@1.0.4
62 silly idealTree ├── supports-color@2.0.0
62 silly idealTree ├── tar-fs@1.13.2
62 silly idealTree ├── tar-stream@1.5.2
62 silly idealTree ├── tar@2.2.1
62 silly idealTree ├── through2@2.0.1
62 silly idealTree ├── thunkify@2.1.2
62 silly idealTree ├── tough-cookie@2.3.1
62 silly idealTree ├── tunnel-agent@0.4.3
62 silly idealTree ├── tweetnacl@0.13.3
62 silly idealTree ├── type-detect@1.0.0
62 silly idealTree ├── unzip-response@1.0.1
62 silly idealTree ├── url-template@2.0.8
62 silly idealTree ├── util-deprecate@1.0.2
62 silly idealTree ├── verror@1.3.6
62 silly idealTree ├── which@1.2.11
62 silly idealTree ├── wrappy@1.0.2
62 silly idealTree ├── xtend@4.0.1
62 silly idealTree ├── zlib@1.0.5
62 silly idealTree └── zmq@2.15.3
63 silly generateActionsToTake Starting
64 silly install generateActionsToTake
65 silly generateActionsToTake Finishing
66 silly diffTrees action count 1
67 silly diffTrees add zlib@1.0.5
68 silly decomposeActions action count 8
69 silly decomposeActions fetch zlib@1.0.5
70 silly decomposeActions extract zlib@1.0.5
71 silly decomposeActions test zlib@1.0.5
72 silly decomposeActions preinstall zlib@1.0.5
73 silly decomposeActions build zlib@1.0.5
74 silly decomposeActions install zlib@1.0.5
75 silly decomposeActions postinstall zlib@1.0.5
76 silly decomposeActions finalize zlib@1.0.5
77 silly executeActions Starting
78 silly install executeActions
79 silly doSerial global-install 0
80 silly doParallel fetch 1
81 verbose correctMkdir /Users/chris/.npm/_locks correctMkdir not in flight; initializing
82 verbose lock using /Users/chris/.npm/_locks/staging-6dda22030c5691f7.lock for /Users/chris/Documents/gitprojects/node-design-patterns/node_modules/.staging
83 silly doParallel extract 1
84 silly extract zlib@1.0.5
85 verbose unbuild node_modules/.staging/zlib-db25535c
86 silly gentlyRm /Users/chris/Documents/gitprojects/node-design-patterns/node_modules/.staging/zlib-db25535c is being purged from base /Users/chris/Documents/gitprojects/node-design-patterns
87 verbose gentlyRm don't care about contents; nuking /Users/chris/Documents/gitprojects/node-design-patterns/node_modules/.staging/zlib-db25535c
88 verbose tar unpack /Users/chris/.npm/zlib/1.0.5/package.tgz
89 verbose tar unpacking to /Users/chris/Documents/gitprojects/node-design-patterns/node_modules/.staging/zlib-db25535c
90 silly gentlyRm /Users/chris/Documents/gitprojects/node-design-patterns/node_modules/.staging/zlib-db25535c is being purged
91 verbose gentlyRm don't care about contents; nuking /Users/chris/Documents/gitprojects/node-design-patterns/node_modules/.staging/zlib-db25535c
92 silly gunzTarPerm modes [ '755', '644' ]
93 silly gunzTarPerm extractEntry .gitignore
94 silly gunzTarPerm extractEntry configure
95 silly gunzTarPerm extractEntry index.js
96 silly gunzTarPerm extractEntry LICENSE
97 silly gunzTarPerm extractEntry Makefile
98 silly gunzTarPerm extractEntry package.json
99 silly gunzTarPerm extractEntry README.md
100 silly gunzTarPerm extractEntry wscript
101 silly gunzTarPerm extractEntry lib/zlib.js
102 silly gunzTarPerm extractEntry src/node-zlib.cc
103 silly gunzTarPerm extractEntry test/deflate.test.js
104 silly gunzTarPerm extractEntry test/inflate.test.js
105 silly gentlyRm /Users/chris/Documents/gitprojects/node-design-patterns/node_modules/.staging/zlib-db25535c/node_modules is being purged
106 verbose gentlyRm don't care about contents; nuking /Users/chris/Documents/gitprojects/node-design-patterns/node_modules/.staging/zlib-db25535c/node_modules
107 silly doParallel preinstall 1
108 silly preinstall zlib@1.0.5 /Users/chris/Documents/gitprojects/node-design-patterns/node_modules/.staging/zlib-db25535c
109 info lifecycle zlib@1.0.5~preinstall: zlib@1.0.5
110 verbose lifecycle zlib@1.0.5~preinstall: unsafe-perm in lifecycle true
111 verbose lifecycle zlib@1.0.5~preinstall: PATH: /usr/local/lib/node_modules/npm/bin/node-gyp-bin:/Users/chris/Documents/gitprojects/node-design-patterns/node_modules/.staging/zlib-db25535c/node_modules/.bin:/Users/chris/Documents/gitprojects/node-design-patterns/node_modules/.bin:/usr/local/Cellar/node/6.3.0/bin:/usr/local/bin:/usr/bin:/bin:/usr/sbin:/sbin
112 verbose lifecycle zlib@1.0.5~preinstall: CWD: /Users/chris/Documents/gitprojects/node-design-patterns/node_modules/.staging/zlib-db25535c
113 silly lifecycle zlib@1.0.5~preinstall: Args: [ '-c', 'node-waf clean || true; node-waf configure build' ]
114 info lifecycle zlib@1.0.5~preinstall: Failed to exec preinstall script
115 verbose unlock done using /Users/chris/.npm/_locks/staging-6dda22030c5691f7.lock for /Users/chris/Documents/gitprojects/node-design-patterns/node_modules/.staging
116 silly rollbackFailedOptional Starting
117 silly rollbackFailedOptional Finishing
118 silly runTopLevelLifecycles Starting
119 silly runTopLevelLifecycles Finishing
120 silly install printInstalled
121 warn node-design-patterns@0.0.1 No repository field.
122 verbose stack Error: zlib@1.0.5 preinstall: `node-waf clean || true; node-waf configure build`
122 verbose stack spawn ENOENT
122 verbose stack     at ChildProcess.<anonymous> (/usr/local/lib/node_modules/npm/lib/utils/spawn.js:33:16)
122 verbose stack     at emitTwo (events.js:106:13)
122 verbose stack     at ChildProcess.emit (events.js:191:7)
122 verbose stack     at maybeClose (internal/child_process.js:852:16)
122 verbose stack     at Process.ChildProcess._handle.onexit (internal/child_process.js:215:5)
123 verbose pkgid zlib@1.0.5
124 verbose cwd /Users/chris/Documents/gitprojects/node-design-patterns
125 error Darwin 16.1.0
126 error argv "/usr/local/Cellar/node/6.3.0/bin/node" "/usr/local/bin/npm" "install" "zlib" "--save"
127 error node v6.3.0
128 error npm  v3.10.3
129 error file sh
130 error code ELIFECYCLE
131 error errno ENOENT
132 error syscall spawn
133 error zlib@1.0.5 preinstall: `node-waf clean || true; node-waf configure build`
133 error spawn ENOENT
134 error Failed at the zlib@1.0.5 preinstall script 'node-waf clean || true; node-waf configure build'.
134 error Make sure you have the latest version of node.js and npm installed.
134 error If you do, this is most likely a problem with the zlib package,
134 error not with npm itself.
134 error Tell the author that this fails on your system:
134 error     node-waf clean || true; node-waf configure build
134 error You can get information on how to open an issue for this project with:
134 error     npm bugs zlib
134 error Or if that isn't available, you can get their info via:
134 error     npm owner ls zlib
134 error There is likely additional logging output above.
135 verbose exit [ 1, true ]
